

Started GET "/" for 127.0.0.1 at 2014-08-14 12:09:08 -0400

ActiveRecord::PendingMigrationError (

Migrations are pending. To resolve this issue, run:

	bin/rake db:migrate RAILS_ENV=development

):
  activerecord (4.1.4) lib/active_record/migration.rb:389:in `check_pending!'
  activerecord (4.1.4) lib/active_record/migration.rb:377:in `call'
  actionpack (4.1.4) lib/action_dispatch/middleware/callbacks.rb:29:in `block in call'
  activesupport (4.1.4) lib/active_support/callbacks.rb:82:in `run_callbacks'
  actionpack (4.1.4) lib/action_dispatch/middleware/callbacks.rb:27:in `call'
  actionpack (4.1.4) lib/action_dispatch/middleware/reloader.rb:73:in `call'
  actionpack (4.1.4) lib/action_dispatch/middleware/remote_ip.rb:76:in `call'
  actionpack (4.1.4) lib/action_dispatch/middleware/debug_exceptions.rb:17:in `call'
  actionpack (4.1.4) lib/action_dispatch/middleware/show_exceptions.rb:30:in `call'
  railties (4.1.4) lib/rails/rack/logger.rb:38:in `call_app'
  railties (4.1.4) lib/rails/rack/logger.rb:20:in `block in call'
  activesupport (4.1.4) lib/active_support/tagged_logging.rb:68:in `block in tagged'
  activesupport (4.1.4) lib/active_support/tagged_logging.rb:26:in `tagged'
  activesupport (4.1.4) lib/active_support/tagged_logging.rb:68:in `tagged'
  railties (4.1.4) lib/rails/rack/logger.rb:20:in `call'
  actionpack (4.1.4) lib/action_dispatch/middleware/request_id.rb:21:in `call'
  rack (1.5.2) lib/rack/methodoverride.rb:21:in `call'
  rack (1.5.2) lib/rack/runtime.rb:17:in `call'
  activesupport (4.1.4) lib/active_support/cache/strategy/local_cache_middleware.rb:26:in `call'
  rack (1.5.2) lib/rack/lock.rb:17:in `call'
  actionpack (4.1.4) lib/action_dispatch/middleware/static.rb:64:in `call'
  rack (1.5.2) lib/rack/sendfile.rb:112:in `call'
  railties (4.1.4) lib/rails/engine.rb:514:in `call'
  railties (4.1.4) lib/rails/application.rb:144:in `call'
  rack (1.5.2) lib/rack/lock.rb:17:in `call'
  rack (1.5.2) lib/rack/content_length.rb:14:in `call'
  rack (1.5.2) lib/rack/handler/webrick.rb:60:in `service'
  /Users/joelyawili/.rvm/rubies/ruby-2.0.0-p481/lib/ruby/2.0.0/webrick/httpserver.rb:138:in `service'
  /Users/joelyawili/.rvm/rubies/ruby-2.0.0-p481/lib/ruby/2.0.0/webrick/httpserver.rb:94:in `run'
  /Users/joelyawili/.rvm/rubies/ruby-2.0.0-p481/lib/ruby/2.0.0/webrick/server.rb:295:in `block in start_thread'


  Rendered /Users/joelyawili/.rvm/gems/ruby-2.0.0-p481/gems/actionpack-4.1.4/lib/action_dispatch/middleware/templates/rescues/_source.erb (1.0ms)
  Rendered /Users/joelyawili/.rvm/gems/ruby-2.0.0-p481/gems/actionpack-4.1.4/lib/action_dispatch/middleware/templates/rescues/_trace.html.erb (1.9ms)
  Rendered /Users/joelyawili/.rvm/gems/ruby-2.0.0-p481/gems/actionpack-4.1.4/lib/action_dispatch/middleware/templates/rescues/_request_and_response.html.erb (1.1ms)
  Rendered /Users/joelyawili/.rvm/gems/ruby-2.0.0-p481/gems/actionpack-4.1.4/lib/action_dispatch/middleware/templates/rescues/diagnostics.erb within rescues/layout (32.6ms)
  [1m[36m (1.1ms)[0m  [1mCREATE TABLE "schema_migrations" ("version" varchar(255) NOT NULL) [0m
  [1m[35m (0.1ms)[0m  select sqlite_version(*)
  [1m[36m (0.9ms)[0m  [1mCREATE UNIQUE INDEX "unique_schema_migrations" ON "schema_migrations" ("version")[0m
  [1m[35mActiveRecord::SchemaMigration Load (0.1ms)[0m  SELECT "schema_migrations".* FROM "schema_migrations"
Migrating to DeviseCreateUsers (20140814160647)
  [1m[36m (0.1ms)[0m  [1mbegin transaction[0m
  [1m[35m (0.5ms)[0m  CREATE TABLE "users" ("id" INTEGER PRIMARY KEY AUTOINCREMENT NOT NULL, "email" varchar(255) DEFAULT '' NOT NULL, "encrypted_password" varchar(255) DEFAULT '' NOT NULL, "reset_password_token" varchar(255), "reset_password_sent_at" datetime, "remember_created_at" datetime, "sign_in_count" integer DEFAULT 0 NOT NULL, "current_sign_in_at" datetime, "last_sign_in_at" datetime, "current_sign_in_ip" varchar(255), "last_sign_in_ip" varchar(255), "created_at" datetime, "updated_at" datetime) 
  [1m[36m (0.8ms)[0m  [1mCREATE UNIQUE INDEX "index_users_on_email" ON "users" ("email")[0m
  [1m[35m (0.1ms)[0m              SELECT sql
            FROM sqlite_master
            WHERE name='index_users_on_email' AND type='index'
            UNION ALL
            SELECT sql
            FROM sqlite_temp_master
            WHERE name='index_users_on_email' AND type='index'

  [1m[36m (0.1ms)[0m  [1mCREATE UNIQUE INDEX "index_users_on_reset_password_token" ON "users" ("reset_password_token")[0m
  [1m[35mSQL (0.2ms)[0m  INSERT INTO "schema_migrations" ("version") VALUES (?)  [["version", "20140814160647"]]
  [1m[36m (0.8ms)[0m  [1mcommit transaction[0m
  [1m[35mActiveRecord::SchemaMigration Load (0.1ms)[0m  SELECT "schema_migrations".* FROM "schema_migrations"
  [1m[36m (0.1ms)[0m  [1m            SELECT sql
            FROM sqlite_master
            WHERE name='index_users_on_reset_password_token' AND type='index'
            UNION ALL
            SELECT sql
            FROM sqlite_temp_master
            WHERE name='index_users_on_reset_password_token' AND type='index'
[0m
  [1m[35m (0.1ms)[0m              SELECT sql
            FROM sqlite_master
            WHERE name='index_users_on_email' AND type='index'
            UNION ALL
            SELECT sql
            FROM sqlite_temp_master
            WHERE name='index_users_on_email' AND type='index'



Started GET "/" for 127.0.0.1 at 2014-08-14 12:09:43 -0400
  [1m[36mActiveRecord::SchemaMigration Load (0.2ms)[0m  [1mSELECT "schema_migrations".* FROM "schema_migrations"[0m
Processing by Rails::WelcomeController#index as HTML
  Rendered /Users/joelyawili/.rvm/gems/ruby-2.0.0-p481/gems/railties-4.1.4/lib/rails/templates/rails/welcome/index.html.erb (1.6ms)
Completed 200 OK in 17ms (Views: 7.7ms | ActiveRecord: 0.0ms)


Started GET "/" for 127.0.0.1 at 2014-08-14 12:09:45 -0400
Processing by Rails::WelcomeController#index as HTML
  Rendered /Users/joelyawili/.rvm/gems/ruby-2.0.0-p481/gems/railties-4.1.4/lib/rails/templates/rails/welcome/index.html.erb (0.1ms)
Completed 200 OK in 2ms (Views: 1.4ms | ActiveRecord: 0.0ms)


Started GET "/" for 127.0.0.1 at 2014-08-14 12:09:46 -0400
Processing by Rails::WelcomeController#index as HTML
  Rendered /Users/joelyawili/.rvm/gems/ruby-2.0.0-p481/gems/railties-4.1.4/lib/rails/templates/rails/welcome/index.html.erb (0.1ms)
Completed 200 OK in 2ms (Views: 1.4ms | ActiveRecord: 0.0ms)


Started GET "/" for 127.0.0.1 at 2014-08-14 12:09:46 -0400
Processing by Rails::WelcomeController#index as HTML
  Rendered /Users/joelyawili/.rvm/gems/ruby-2.0.0-p481/gems/railties-4.1.4/lib/rails/templates/rails/welcome/index.html.erb (0.1ms)
Completed 200 OK in 1ms (Views: 0.9ms | ActiveRecord: 0.0ms)


Started GET "/" for 127.0.0.1 at 2014-08-14 12:09:46 -0400
Processing by Rails::WelcomeController#index as HTML
  Rendered /Users/joelyawili/.rvm/gems/ruby-2.0.0-p481/gems/railties-4.1.4/lib/rails/templates/rails/welcome/index.html.erb (0.1ms)
Completed 200 OK in 3ms (Views: 2.1ms | ActiveRecord: 0.0ms)


Started GET "/" for 127.0.0.1 at 2014-08-14 12:10:29 -0400

ArgumentError (Missing :action key on routes definition, please check your routes.):
  config/routes.rb:2:in `block in <top (required)>'
  config/routes.rb:1:in `<top (required)>'


  Rendered /Users/joelyawili/.rvm/gems/ruby-2.0.0-p481/gems/actionpack-4.1.4/lib/action_dispatch/middleware/templates/rescues/_source.erb (1.2ms)
  Rendered /Users/joelyawili/.rvm/gems/ruby-2.0.0-p481/gems/actionpack-4.1.4/lib/action_dispatch/middleware/templates/rescues/_trace.html.erb (1.1ms)
  Rendered /Users/joelyawili/.rvm/gems/ruby-2.0.0-p481/gems/actionpack-4.1.4/lib/action_dispatch/middleware/templates/rescues/_request_and_response.html.erb (1.4ms)
  Rendered /Users/joelyawili/.rvm/gems/ruby-2.0.0-p481/gems/actionpack-4.1.4/lib/action_dispatch/middleware/templates/rescues/diagnostics.erb within rescues/layout (16.6ms)


Started GET "/" for 127.0.0.1 at 2014-08-14 12:10:37 -0400
Processing by HomeController#index as HTML
  Rendered home/index.html.erb within layouts/application (0.3ms)
Completed 200 OK in 605ms (Views: 604.1ms | ActiveRecord: 0.0ms)


Started GET "/assets/home.js?body=1" for 127.0.0.1 at 2014-08-14 12:10:37 -0400


Started GET "/assets/home.css?body=1" for 127.0.0.1 at 2014-08-14 12:10:37 -0400


Started GET "/assets/application.css?body=1" for 127.0.0.1 at 2014-08-14 12:10:37 -0400


Started GET "/assets/turbolinks.js?body=1" for 127.0.0.1 at 2014-08-14 12:10:37 -0400


Started GET "/assets/jquery.js?body=1" for 127.0.0.1 at 2014-08-14 12:10:37 -0400


Started GET "/assets/jquery_ujs.js?body=1" for 127.0.0.1 at 2014-08-14 12:10:37 -0400


Started GET "/assets/application.js?body=1" for 127.0.0.1 at 2014-08-14 12:10:37 -0400


Started GET "/" for 127.0.0.1 at 2014-08-14 12:33:53 -0400
  [1m[36mActiveRecord::SchemaMigration Load (0.3ms)[0m  [1mSELECT "schema_migrations".* FROM "schema_migrations"[0m

ActionController::RoutingError (uninitialized constant EventController):
  activesupport (4.1.4) lib/active_support/inflector/methods.rb:238:in `const_get'
  activesupport (4.1.4) lib/active_support/inflector/methods.rb:238:in `block in constantize'
  activesupport (4.1.4) lib/active_support/inflector/methods.rb:236:in `each'
  activesupport (4.1.4) lib/active_support/inflector/methods.rb:236:in `inject'
  activesupport (4.1.4) lib/active_support/inflector/methods.rb:236:in `constantize'
  actionpack (4.1.4) lib/action_dispatch/routing/route_set.rb:78:in `controller_reference'
  actionpack (4.1.4) lib/action_dispatch/routing/route_set.rb:68:in `controller'
  actionpack (4.1.4) lib/action_dispatch/routing/route_set.rb:46:in `call'
  actionpack (4.1.4) lib/action_dispatch/journey/router.rb:71:in `block in call'
  actionpack (4.1.4) lib/action_dispatch/journey/router.rb:59:in `each'
  actionpack (4.1.4) lib/action_dispatch/journey/router.rb:59:in `call'
  actionpack (4.1.4) lib/action_dispatch/routing/route_set.rb:678:in `call'
  warden (1.2.3) lib/warden/manager.rb:35:in `block in call'
  warden (1.2.3) lib/warden/manager.rb:34:in `catch'
  warden (1.2.3) lib/warden/manager.rb:34:in `call'
  rack (1.5.2) lib/rack/etag.rb:23:in `call'
  rack (1.5.2) lib/rack/conditionalget.rb:25:in `call'
  rack (1.5.2) lib/rack/head.rb:11:in `call'
  actionpack (4.1.4) lib/action_dispatch/middleware/params_parser.rb:27:in `call'
  actionpack (4.1.4) lib/action_dispatch/middleware/flash.rb:254:in `call'
  rack (1.5.2) lib/rack/session/abstract/id.rb:225:in `context'
  rack (1.5.2) lib/rack/session/abstract/id.rb:220:in `call'
  actionpack (4.1.4) lib/action_dispatch/middleware/cookies.rb:560:in `call'
  activerecord (4.1.4) lib/active_record/query_cache.rb:36:in `call'
  activerecord (4.1.4) lib/active_record/connection_adapters/abstract/connection_pool.rb:621:in `call'
  activerecord (4.1.4) lib/active_record/migration.rb:380:in `call'
  actionpack (4.1.4) lib/action_dispatch/middleware/callbacks.rb:29:in `block in call'
  activesupport (4.1.4) lib/active_support/callbacks.rb:82:in `run_callbacks'
  actionpack (4.1.4) lib/action_dispatch/middleware/callbacks.rb:27:in `call'
  actionpack (4.1.4) lib/action_dispatch/middleware/reloader.rb:73:in `call'
  actionpack (4.1.4) lib/action_dispatch/middleware/remote_ip.rb:76:in `call'
  actionpack (4.1.4) lib/action_dispatch/middleware/debug_exceptions.rb:17:in `call'
  actionpack (4.1.4) lib/action_dispatch/middleware/show_exceptions.rb:30:in `call'
  railties (4.1.4) lib/rails/rack/logger.rb:38:in `call_app'
  railties (4.1.4) lib/rails/rack/logger.rb:20:in `block in call'
  activesupport (4.1.4) lib/active_support/tagged_logging.rb:68:in `block in tagged'
  activesupport (4.1.4) lib/active_support/tagged_logging.rb:26:in `tagged'
  activesupport (4.1.4) lib/active_support/tagged_logging.rb:68:in `tagged'
  railties (4.1.4) lib/rails/rack/logger.rb:20:in `call'
  actionpack (4.1.4) lib/action_dispatch/middleware/request_id.rb:21:in `call'
  rack (1.5.2) lib/rack/methodoverride.rb:21:in `call'
  rack (1.5.2) lib/rack/runtime.rb:17:in `call'
  activesupport (4.1.4) lib/active_support/cache/strategy/local_cache_middleware.rb:26:in `call'
  rack (1.5.2) lib/rack/lock.rb:17:in `call'
  actionpack (4.1.4) lib/action_dispatch/middleware/static.rb:64:in `call'
  rack (1.5.2) lib/rack/sendfile.rb:112:in `call'
  railties (4.1.4) lib/rails/engine.rb:514:in `call'
  railties (4.1.4) lib/rails/application.rb:144:in `call'
  rack (1.5.2) lib/rack/lock.rb:17:in `call'
  rack (1.5.2) lib/rack/content_length.rb:14:in `call'
  rack (1.5.2) lib/rack/handler/webrick.rb:60:in `service'
  /Users/joelyawili/.rvm/rubies/ruby-2.0.0-p481/lib/ruby/2.0.0/webrick/httpserver.rb:138:in `service'
  /Users/joelyawili/.rvm/rubies/ruby-2.0.0-p481/lib/ruby/2.0.0/webrick/httpserver.rb:94:in `run'
  /Users/joelyawili/.rvm/rubies/ruby-2.0.0-p481/lib/ruby/2.0.0/webrick/server.rb:295:in `block in start_thread'


  Rendered /Users/joelyawili/.rvm/gems/ruby-2.0.0-p481/gems/actionpack-4.1.4/lib/action_dispatch/middleware/templates/rescues/_trace.html.erb (4.5ms)
  Rendered /Users/joelyawili/.rvm/gems/ruby-2.0.0-p481/gems/actionpack-4.1.4/lib/action_dispatch/middleware/templates/routes/_route.html.erb (4.3ms)
  Rendered /Users/joelyawili/.rvm/gems/ruby-2.0.0-p481/gems/actionpack-4.1.4/lib/action_dispatch/middleware/templates/routes/_table.html.erb (17.3ms)
  Rendered /Users/joelyawili/.rvm/gems/ruby-2.0.0-p481/gems/actionpack-4.1.4/lib/action_dispatch/middleware/templates/rescues/routing_error.html.erb within rescues/layout (160.0ms)


Started GET "/" for 127.0.0.1 at 2014-08-14 14:37:12 -0400
  [1m[36mActiveRecord::SchemaMigration Load (0.5ms)[0m  [1mSELECT "schema_migrations".* FROM "schema_migrations"[0m

ActionController::RoutingError (uninitialized constant EventController):
  activesupport (4.1.4) lib/active_support/inflector/methods.rb:238:in `const_get'
  activesupport (4.1.4) lib/active_support/inflector/methods.rb:238:in `block in constantize'
  activesupport (4.1.4) lib/active_support/inflector/methods.rb:236:in `each'
  activesupport (4.1.4) lib/active_support/inflector/methods.rb:236:in `inject'
  activesupport (4.1.4) lib/active_support/inflector/methods.rb:236:in `constantize'
  actionpack (4.1.4) lib/action_dispatch/routing/route_set.rb:78:in `controller_reference'
  actionpack (4.1.4) lib/action_dispatch/routing/route_set.rb:68:in `controller'
  actionpack (4.1.4) lib/action_dispatch/routing/route_set.rb:46:in `call'
  actionpack (4.1.4) lib/action_dispatch/journey/router.rb:71:in `block in call'
  actionpack (4.1.4) lib/action_dispatch/journey/router.rb:59:in `each'
  actionpack (4.1.4) lib/action_dispatch/journey/router.rb:59:in `call'
  actionpack (4.1.4) lib/action_dispatch/routing/route_set.rb:678:in `call'
  warden (1.2.3) lib/warden/manager.rb:35:in `block in call'
  warden (1.2.3) lib/warden/manager.rb:34:in `catch'
  warden (1.2.3) lib/warden/manager.rb:34:in `call'
  rack (1.5.2) lib/rack/etag.rb:23:in `call'
  rack (1.5.2) lib/rack/conditionalget.rb:25:in `call'
  rack (1.5.2) lib/rack/head.rb:11:in `call'
  actionpack (4.1.4) lib/action_dispatch/middleware/params_parser.rb:27:in `call'
  actionpack (4.1.4) lib/action_dispatch/middleware/flash.rb:254:in `call'
  rack (1.5.2) lib/rack/session/abstract/id.rb:225:in `context'
  rack (1.5.2) lib/rack/session/abstract/id.rb:220:in `call'
  actionpack (4.1.4) lib/action_dispatch/middleware/cookies.rb:560:in `call'
  activerecord (4.1.4) lib/active_record/query_cache.rb:36:in `call'
  activerecord (4.1.4) lib/active_record/connection_adapters/abstract/connection_pool.rb:621:in `call'
  activerecord (4.1.4) lib/active_record/migration.rb:380:in `call'
  actionpack (4.1.4) lib/action_dispatch/middleware/callbacks.rb:29:in `block in call'
  activesupport (4.1.4) lib/active_support/callbacks.rb:82:in `run_callbacks'
  actionpack (4.1.4) lib/action_dispatch/middleware/callbacks.rb:27:in `call'
  actionpack (4.1.4) lib/action_dispatch/middleware/reloader.rb:73:in `call'
  actionpack (4.1.4) lib/action_dispatch/middleware/remote_ip.rb:76:in `call'
  actionpack (4.1.4) lib/action_dispatch/middleware/debug_exceptions.rb:17:in `call'
  actionpack (4.1.4) lib/action_dispatch/middleware/show_exceptions.rb:30:in `call'
  railties (4.1.4) lib/rails/rack/logger.rb:38:in `call_app'
  railties (4.1.4) lib/rails/rack/logger.rb:20:in `block in call'
  activesupport (4.1.4) lib/active_support/tagged_logging.rb:68:in `block in tagged'
  activesupport (4.1.4) lib/active_support/tagged_logging.rb:26:in `tagged'
  activesupport (4.1.4) lib/active_support/tagged_logging.rb:68:in `tagged'
  railties (4.1.4) lib/rails/rack/logger.rb:20:in `call'
  actionpack (4.1.4) lib/action_dispatch/middleware/request_id.rb:21:in `call'
  rack (1.5.2) lib/rack/methodoverride.rb:21:in `call'
  rack (1.5.2) lib/rack/runtime.rb:17:in `call'
  activesupport (4.1.4) lib/active_support/cache/strategy/local_cache_middleware.rb:26:in `call'
  rack (1.5.2) lib/rack/lock.rb:17:in `call'
  actionpack (4.1.4) lib/action_dispatch/middleware/static.rb:64:in `call'
  rack (1.5.2) lib/rack/sendfile.rb:112:in `call'
  railties (4.1.4) lib/rails/engine.rb:514:in `call'
  railties (4.1.4) lib/rails/application.rb:144:in `call'
  rack (1.5.2) lib/rack/lock.rb:17:in `call'
  rack (1.5.2) lib/rack/content_length.rb:14:in `call'
  rack (1.5.2) lib/rack/handler/webrick.rb:60:in `service'
  /System/Library/Frameworks/Ruby.framework/Versions/2.0/usr/lib/ruby/2.0.0/webrick/httpserver.rb:138:in `service'
  /System/Library/Frameworks/Ruby.framework/Versions/2.0/usr/lib/ruby/2.0.0/webrick/httpserver.rb:94:in `run'
  /System/Library/Frameworks/Ruby.framework/Versions/2.0/usr/lib/ruby/2.0.0/webrick/server.rb:295:in `block in start_thread'


  Rendered /Users/joelyawili/.rvm/gems/ruby-2.0.0-p481/gems/actionpack-4.1.4/lib/action_dispatch/middleware/templates/rescues/_trace.html.erb (2.2ms)
  Rendered /Users/joelyawili/.rvm/gems/ruby-2.0.0-p481/gems/actionpack-4.1.4/lib/action_dispatch/middleware/templates/routes/_route.html.erb (2.9ms)
  Rendered /Users/joelyawili/.rvm/gems/ruby-2.0.0-p481/gems/actionpack-4.1.4/lib/action_dispatch/middleware/templates/routes/_table.html.erb (8.9ms)
  Rendered /Users/joelyawili/.rvm/gems/ruby-2.0.0-p481/gems/actionpack-4.1.4/lib/action_dispatch/middleware/templates/rescues/routing_error.html.erb within rescues/layout (66.4ms)


Started GET "/" for 127.0.0.1 at 2014-08-14 14:37:12 -0400

ActionController::RoutingError (uninitialized constant EventController):
  activesupport (4.1.4) lib/active_support/inflector/methods.rb:238:in `const_get'
  activesupport (4.1.4) lib/active_support/inflector/methods.rb:238:in `block in constantize'
  activesupport (4.1.4) lib/active_support/inflector/methods.rb:236:in `each'
  activesupport (4.1.4) lib/active_support/inflector/methods.rb:236:in `inject'
  activesupport (4.1.4) lib/active_support/inflector/methods.rb:236:in `constantize'
  actionpack (4.1.4) lib/action_dispatch/routing/route_set.rb:78:in `controller_reference'
  actionpack (4.1.4) lib/action_dispatch/routing/route_set.rb:68:in `controller'
  actionpack (4.1.4) lib/action_dispatch/routing/route_set.rb:46:in `call'
  actionpack (4.1.4) lib/action_dispatch/journey/router.rb:71:in `block in call'
  actionpack (4.1.4) lib/action_dispatch/journey/router.rb:59:in `each'
  actionpack (4.1.4) lib/action_dispatch/journey/router.rb:59:in `call'
  actionpack (4.1.4) lib/action_dispatch/routing/route_set.rb:678:in `call'
  warden (1.2.3) lib/warden/manager.rb:35:in `block in call'
  warden (1.2.3) lib/warden/manager.rb:34:in `catch'
  warden (1.2.3) lib/warden/manager.rb:34:in `call'
  rack (1.5.2) lib/rack/etag.rb:23:in `call'
  rack (1.5.2) lib/rack/conditionalget.rb:25:in `call'
  rack (1.5.2) lib/rack/head.rb:11:in `call'
  actionpack (4.1.4) lib/action_dispatch/middleware/params_parser.rb:27:in `call'
  actionpack (4.1.4) lib/action_dispatch/middleware/flash.rb:254:in `call'
  rack (1.5.2) lib/rack/session/abstract/id.rb:225:in `context'
  rack (1.5.2) lib/rack/session/abstract/id.rb:220:in `call'
  actionpack (4.1.4) lib/action_dispatch/middleware/cookies.rb:560:in `call'
  activerecord (4.1.4) lib/active_record/query_cache.rb:36:in `call'
  activerecord (4.1.4) lib/active_record/connection_adapters/abstract/connection_pool.rb:621:in `call'
  activerecord (4.1.4) lib/active_record/migration.rb:380:in `call'
  actionpack (4.1.4) lib/action_dispatch/middleware/callbacks.rb:29:in `block in call'
  activesupport (4.1.4) lib/active_support/callbacks.rb:82:in `run_callbacks'
  actionpack (4.1.4) lib/action_dispatch/middleware/callbacks.rb:27:in `call'
  actionpack (4.1.4) lib/action_dispatch/middleware/reloader.rb:73:in `call'
  actionpack (4.1.4) lib/action_dispatch/middleware/remote_ip.rb:76:in `call'
  actionpack (4.1.4) lib/action_dispatch/middleware/debug_exceptions.rb:17:in `call'
  actionpack (4.1.4) lib/action_dispatch/middleware/show_exceptions.rb:30:in `call'
  railties (4.1.4) lib/rails/rack/logger.rb:38:in `call_app'
  railties (4.1.4) lib/rails/rack/logger.rb:20:in `block in call'
  activesupport (4.1.4) lib/active_support/tagged_logging.rb:68:in `block in tagged'
  activesupport (4.1.4) lib/active_support/tagged_logging.rb:26:in `tagged'
  activesupport (4.1.4) lib/active_support/tagged_logging.rb:68:in `tagged'
  railties (4.1.4) lib/rails/rack/logger.rb:20:in `call'
  actionpack (4.1.4) lib/action_dispatch/middleware/request_id.rb:21:in `call'
  rack (1.5.2) lib/rack/methodoverride.rb:21:in `call'
  rack (1.5.2) lib/rack/runtime.rb:17:in `call'
  activesupport (4.1.4) lib/active_support/cache/strategy/local_cache_middleware.rb:26:in `call'
  rack (1.5.2) lib/rack/lock.rb:17:in `call'
  actionpack (4.1.4) lib/action_dispatch/middleware/static.rb:64:in `call'
  rack (1.5.2) lib/rack/sendfile.rb:112:in `call'
  railties (4.1.4) lib/rails/engine.rb:514:in `call'
  railties (4.1.4) lib/rails/application.rb:144:in `call'
  rack (1.5.2) lib/rack/lock.rb:17:in `call'
  rack (1.5.2) lib/rack/content_length.rb:14:in `call'
  rack (1.5.2) lib/rack/handler/webrick.rb:60:in `service'
  /System/Library/Frameworks/Ruby.framework/Versions/2.0/usr/lib/ruby/2.0.0/webrick/httpserver.rb:138:in `service'
  /System/Library/Frameworks/Ruby.framework/Versions/2.0/usr/lib/ruby/2.0.0/webrick/httpserver.rb:94:in `run'
  /System/Library/Frameworks/Ruby.framework/Versions/2.0/usr/lib/ruby/2.0.0/webrick/server.rb:295:in `block in start_thread'


  Rendered /Users/joelyawili/.rvm/gems/ruby-2.0.0-p481/gems/actionpack-4.1.4/lib/action_dispatch/middleware/templates/rescues/_trace.html.erb (1.1ms)
  Rendered /Users/joelyawili/.rvm/gems/ruby-2.0.0-p481/gems/actionpack-4.1.4/lib/action_dispatch/middleware/templates/routes/_route.html.erb (2.0ms)
  Rendered /Users/joelyawili/.rvm/gems/ruby-2.0.0-p481/gems/actionpack-4.1.4/lib/action_dispatch/middleware/templates/routes/_table.html.erb (1.2ms)
  Rendered /Users/joelyawili/.rvm/gems/ruby-2.0.0-p481/gems/actionpack-4.1.4/lib/action_dispatch/middleware/templates/rescues/routing_error.html.erb within rescues/layout (25.3ms)


Started GET "/" for 127.0.0.1 at 2014-08-14 14:38:18 -0400

SyntaxError (/Users/joelyawili/Desktop/Im-In/app/controllers/events_controller.rb:10: syntax error, unexpected tIVAR, expecting keyword_end
/Users/joelyawili/Desktop/Im-In/app/controllers/events_controller.rb:24: syntax error, unexpected tIVAR, expecting keyword_end):
  app/controllers/events_controller.rb:10: syntax error, unexpected tIVAR, expecting keyword_end
  app/controllers/events_controller.rb:24: syntax error, unexpected tIVAR, expecting keyword_end


  Rendered /Users/joelyawili/.rvm/gems/ruby-2.0.0-p481/gems/actionpack-4.1.4/lib/action_dispatch/middleware/templates/rescues/_source.erb (0.7ms)
  Rendered /Users/joelyawili/.rvm/gems/ruby-2.0.0-p481/gems/actionpack-4.1.4/lib/action_dispatch/middleware/templates/rescues/_trace.html.erb (1.1ms)
  Rendered /Users/joelyawili/.rvm/gems/ruby-2.0.0-p481/gems/actionpack-4.1.4/lib/action_dispatch/middleware/templates/rescues/_request_and_response.html.erb (22.6ms)
  Rendered /Users/joelyawili/.rvm/gems/ruby-2.0.0-p481/gems/actionpack-4.1.4/lib/action_dispatch/middleware/templates/rescues/diagnostics.erb within rescues/layout (41.7ms)


Started GET "/" for 127.0.0.1 at 2014-08-14 14:39:24 -0400
Processing by EventsController#index as HTML
  Rendered events/index.html.erb within layouts/application (0.4ms)
Completed 200 OK in 51ms (Views: 50.4ms | ActiveRecord: 0.0ms)


Started GET "/assets/home.css?body=1" for 127.0.0.1 at 2014-08-14 14:39:24 -0400


Started GET "/assets/jquery_ujs.js?body=1" for 127.0.0.1 at 2014-08-14 14:39:24 -0400


Started GET "/assets/application.css?body=1" for 127.0.0.1 at 2014-08-14 14:39:24 -0400


Started GET "/assets/turbolinks.js?body=1" for 127.0.0.1 at 2014-08-14 14:39:24 -0400


Started GET "/assets/home.js?body=1" for 127.0.0.1 at 2014-08-14 14:39:24 -0400


Started GET "/assets/jquery.js?body=1" for 127.0.0.1 at 2014-08-14 14:39:24 -0400


Started GET "/assets/application.js?body=1" for 127.0.0.1 at 2014-08-14 14:39:24 -0400


Started GET "/" for 127.0.0.1 at 2014-08-14 14:40:29 -0400

ActionController::RoutingError (uninitialized constant SessionsController):
  activesupport (4.1.4) lib/active_support/inflector/methods.rb:238:in `const_get'
  activesupport (4.1.4) lib/active_support/inflector/methods.rb:238:in `block in constantize'
  activesupport (4.1.4) lib/active_support/inflector/methods.rb:236:in `each'
  activesupport (4.1.4) lib/active_support/inflector/methods.rb:236:in `inject'
  activesupport (4.1.4) lib/active_support/inflector/methods.rb:236:in `constantize'
  actionpack (4.1.4) lib/action_dispatch/routing/route_set.rb:78:in `controller_reference'
  actionpack (4.1.4) lib/action_dispatch/routing/route_set.rb:68:in `controller'
  actionpack (4.1.4) lib/action_dispatch/routing/route_set.rb:46:in `call'
  actionpack (4.1.4) lib/action_dispatch/journey/router.rb:71:in `block in call'
  actionpack (4.1.4) lib/action_dispatch/journey/router.rb:59:in `each'
  actionpack (4.1.4) lib/action_dispatch/journey/router.rb:59:in `call'
  actionpack (4.1.4) lib/action_dispatch/routing/route_set.rb:678:in `call'
  warden (1.2.3) lib/warden/manager.rb:35:in `block in call'
  warden (1.2.3) lib/warden/manager.rb:34:in `catch'
  warden (1.2.3) lib/warden/manager.rb:34:in `call'
  rack (1.5.2) lib/rack/etag.rb:23:in `call'
  rack (1.5.2) lib/rack/conditionalget.rb:25:in `call'
  rack (1.5.2) lib/rack/head.rb:11:in `call'
  actionpack (4.1.4) lib/action_dispatch/middleware/params_parser.rb:27:in `call'
  actionpack (4.1.4) lib/action_dispatch/middleware/flash.rb:254:in `call'
  rack (1.5.2) lib/rack/session/abstract/id.rb:225:in `context'
  rack (1.5.2) lib/rack/session/abstract/id.rb:220:in `call'
  actionpack (4.1.4) lib/action_dispatch/middleware/cookies.rb:560:in `call'
  activerecord (4.1.4) lib/active_record/query_cache.rb:36:in `call'
  activerecord (4.1.4) lib/active_record/connection_adapters/abstract/connection_pool.rb:621:in `call'
  activerecord (4.1.4) lib/active_record/migration.rb:380:in `call'
  actionpack (4.1.4) lib/action_dispatch/middleware/callbacks.rb:29:in `block in call'
  activesupport (4.1.4) lib/active_support/callbacks.rb:82:in `run_callbacks'
  actionpack (4.1.4) lib/action_dispatch/middleware/callbacks.rb:27:in `call'
  actionpack (4.1.4) lib/action_dispatch/middleware/reloader.rb:73:in `call'
  actionpack (4.1.4) lib/action_dispatch/middleware/remote_ip.rb:76:in `call'
  actionpack (4.1.4) lib/action_dispatch/middleware/debug_exceptions.rb:17:in `call'
  actionpack (4.1.4) lib/action_dispatch/middleware/show_exceptions.rb:30:in `call'
  railties (4.1.4) lib/rails/rack/logger.rb:38:in `call_app'
  railties (4.1.4) lib/rails/rack/logger.rb:20:in `block in call'
  activesupport (4.1.4) lib/active_support/tagged_logging.rb:68:in `block in tagged'
  activesupport (4.1.4) lib/active_support/tagged_logging.rb:26:in `tagged'
  activesupport (4.1.4) lib/active_support/tagged_logging.rb:68:in `tagged'
  railties (4.1.4) lib/rails/rack/logger.rb:20:in `call'
  actionpack (4.1.4) lib/action_dispatch/middleware/request_id.rb:21:in `call'
  rack (1.5.2) lib/rack/methodoverride.rb:21:in `call'
  rack (1.5.2) lib/rack/runtime.rb:17:in `call'
  activesupport (4.1.4) lib/active_support/cache/strategy/local_cache_middleware.rb:26:in `call'
  rack (1.5.2) lib/rack/lock.rb:17:in `call'
  actionpack (4.1.4) lib/action_dispatch/middleware/static.rb:64:in `call'
  rack (1.5.2) lib/rack/sendfile.rb:112:in `call'
  railties (4.1.4) lib/rails/engine.rb:514:in `call'
  railties (4.1.4) lib/rails/application.rb:144:in `call'
  rack (1.5.2) lib/rack/lock.rb:17:in `call'
  rack (1.5.2) lib/rack/content_length.rb:14:in `call'
  rack (1.5.2) lib/rack/handler/webrick.rb:60:in `service'
  /System/Library/Frameworks/Ruby.framework/Versions/2.0/usr/lib/ruby/2.0.0/webrick/httpserver.rb:138:in `service'
  /System/Library/Frameworks/Ruby.framework/Versions/2.0/usr/lib/ruby/2.0.0/webrick/httpserver.rb:94:in `run'
  /System/Library/Frameworks/Ruby.framework/Versions/2.0/usr/lib/ruby/2.0.0/webrick/server.rb:295:in `block in start_thread'


  Rendered /Users/joelyawili/.rvm/gems/ruby-2.0.0-p481/gems/actionpack-4.1.4/lib/action_dispatch/middleware/templates/rescues/_trace.html.erb (1.5ms)
  Rendered /Users/joelyawili/.rvm/gems/ruby-2.0.0-p481/gems/actionpack-4.1.4/lib/action_dispatch/middleware/templates/routes/_route.html.erb (1.6ms)
  Rendered /Users/joelyawili/.rvm/gems/ruby-2.0.0-p481/gems/actionpack-4.1.4/lib/action_dispatch/middleware/templates/routes/_table.html.erb (1.0ms)
  Rendered /Users/joelyawili/.rvm/gems/ruby-2.0.0-p481/gems/actionpack-4.1.4/lib/action_dispatch/middleware/templates/rescues/routing_error.html.erb within rescues/layout (26.7ms)


Started GET "/" for 127.0.0.1 at 2014-08-14 14:49:46 -0400

SyntaxError (/Users/joelyawili/Desktop/Im-In/app/controllers/events_controller.rb:10: syntax error, unexpected tIVAR, expecting keyword_end
/Users/joelyawili/Desktop/Im-In/app/controllers/events_controller.rb:24: syntax error, unexpected tIVAR, expecting keyword_end):
  app/controllers/events_controller.rb:10: syntax error, unexpected tIVAR, expecting keyword_end
  app/controllers/events_controller.rb:24: syntax error, unexpected tIVAR, expecting keyword_end


  Rendered /Users/joelyawili/.rvm/gems/ruby-2.0.0-p481/gems/actionpack-4.1.4/lib/action_dispatch/middleware/templates/rescues/_source.erb (0.7ms)
  Rendered /Users/joelyawili/.rvm/gems/ruby-2.0.0-p481/gems/actionpack-4.1.4/lib/action_dispatch/middleware/templates/rescues/_trace.html.erb (1.1ms)
  Rendered /Users/joelyawili/.rvm/gems/ruby-2.0.0-p481/gems/actionpack-4.1.4/lib/action_dispatch/middleware/templates/rescues/_request_and_response.html.erb (1.2ms)
  Rendered /Users/joelyawili/.rvm/gems/ruby-2.0.0-p481/gems/actionpack-4.1.4/lib/action_dispatch/middleware/templates/rescues/diagnostics.erb within rescues/layout (15.4ms)


Started GET "/" for 127.0.0.1 at 2014-08-14 14:50:10 -0400

SyntaxError (/Users/joelyawili/Desktop/Im-In/app/controllers/events_controller.rb:10: syntax error, unexpected tIVAR, expecting keyword_end
/Users/joelyawili/Desktop/Im-In/app/controllers/events_controller.rb:24: syntax error, unexpected tIVAR, expecting keyword_end):
  app/controllers/events_controller.rb:10: syntax error, unexpected tIVAR, expecting keyword_end
  app/controllers/events_controller.rb:24: syntax error, unexpected tIVAR, expecting keyword_end


  Rendered /Users/joelyawili/.rvm/gems/ruby-2.0.0-p481/gems/actionpack-4.1.4/lib/action_dispatch/middleware/templates/rescues/_source.erb (0.7ms)
  Rendered /Users/joelyawili/.rvm/gems/ruby-2.0.0-p481/gems/actionpack-4.1.4/lib/action_dispatch/middleware/templates/rescues/_trace.html.erb (1.1ms)
  Rendered /Users/joelyawili/.rvm/gems/ruby-2.0.0-p481/gems/actionpack-4.1.4/lib/action_dispatch/middleware/templates/rescues/_request_and_response.html.erb (2.3ms)
  Rendered /Users/joelyawili/.rvm/gems/ruby-2.0.0-p481/gems/actionpack-4.1.4/lib/action_dispatch/middleware/templates/rescues/diagnostics.erb within rescues/layout (17.1ms)


Started GET "/" for 127.0.0.1 at 2014-08-14 15:02:49 -0400
Processing by EventsController#index as HTML
  Rendered events/index.html.erb within layouts/application (0.1ms)
Completed 200 OK in 7ms (Views: 5.8ms | ActiveRecord: 0.0ms)


Started GET "/assets/home.css?body=1" for 127.0.0.1 at 2014-08-14 15:02:49 -0400


Started GET "/assets/application.css?body=1" for 127.0.0.1 at 2014-08-14 15:02:49 -0400


Started GET "/assets/application.js?body=1" for 127.0.0.1 at 2014-08-14 15:02:49 -0400


Started GET "/assets/jquery.js?body=1" for 127.0.0.1 at 2014-08-14 15:02:50 -0400


Started GET "/assets/jquery_ujs.js?body=1" for 127.0.0.1 at 2014-08-14 15:02:50 -0400


Started GET "/assets/turbolinks.js?body=1" for 127.0.0.1 at 2014-08-14 15:02:50 -0400


Started GET "/assets/home.js?body=1" for 127.0.0.1 at 2014-08-14 15:02:50 -0400


Started GET "/assets/application.js?body=1" for 127.0.0.1 at 2014-08-14 15:02:50 -0400


Started GET "/users/sign_in" for 127.0.0.1 at 2014-08-14 15:07:56 -0400
Processing by Devise::SessionsController#new as HTML
  Rendered devise/sessions/new.html.erb within layouts/application (10.3ms)
Completed 500 Internal Server Error in 37ms

ActionView::Template::Error (undefined method `session_path' for #<#<Class:0x007fa235745fc0>:0x007fa235747550>):
    1: <h2>Sign in</h2>
    2: 
    3: <%= form_for(resource, as: resource_name, url: session_path(resource_name)) do |f| %>
    4:   <div><%= f.label :email %><br />
    5:   <%= f.email_field :email, autofocus: true %></div>
    6: 
  app/views/devise/sessions/new.html.erb:3:in `_app_views_devise_sessions_new_html_erb__2904441507576738057_70167329123560'


  Rendered /Users/joelyawili/.rvm/gems/ruby-2.0.0-p481/gems/actionpack-4.1.4/lib/action_dispatch/middleware/templates/rescues/_trace.html.erb (1.1ms)
  Rendered /Users/joelyawili/.rvm/gems/ruby-2.0.0-p481/gems/actionpack-4.1.4/lib/action_dispatch/middleware/templates/rescues/_request_and_response.html.erb (0.9ms)
  Rendered /Users/joelyawili/.rvm/gems/ruby-2.0.0-p481/gems/actionpack-4.1.4/lib/action_dispatch/middleware/templates/rescues/template_error.html.erb within rescues/layout (10.8ms)
  [1m[36m (1.4ms)[0m  [1mCREATE TABLE "schema_migrations" ("version" varchar(255) NOT NULL) [0m
  [1m[35m (0.2ms)[0m  select sqlite_version(*)
  [1m[36m (1.4ms)[0m  [1mCREATE UNIQUE INDEX "unique_schema_migrations" ON "schema_migrations" ("version")[0m
  [1m[35mActiveRecord::SchemaMigration Load (0.2ms)[0m  SELECT "schema_migrations".* FROM "schema_migrations"
Migrating to CreateEvents (20140814154000)
  [1m[36m (0.1ms)[0m  [1mbegin transaction[0m
  [1m[35m (0.5ms)[0m  CREATE TABLE "events" ("id" INTEGER PRIMARY KEY AUTOINCREMENT NOT NULL, "name" varchar(255), "description" varchar(255), "start_time" datetime, "end_time" datetime, "venue" varchar(255), "location" varchar(255), "notify_user?" boolean, "notify_hours_until_event" integer, "user_id" integer, "created_at" datetime, "updated_at" datetime) 
  [1m[36m (0.2ms)[0m  [1mCREATE  INDEX "index_events_on_user_id" ON "events" ("user_id")[0m
  [1m[35mSQL (0.3ms)[0m  INSERT INTO "schema_migrations" ("version") VALUES (?)  [["version", "20140814154000"]]
  [1m[36m (1.3ms)[0m  [1mcommit transaction[0m
Migrating to CreateInvitations (20140814154053)
  [1m[35m (0.1ms)[0m  begin transaction
  [1m[36m (0.5ms)[0m  [1mCREATE TABLE "invitations" ("id" INTEGER PRIMARY KEY AUTOINCREMENT NOT NULL, "event_id" integer, "user_id" integer, "status" varchar(255), "created_at" datetime, "updated_at" datetime) [0m
  [1m[35m (0.2ms)[0m  CREATE  INDEX "index_invitations_on_event_id" ON "invitations" ("event_id")
  [1m[36m (0.1ms)[0m  [1m            SELECT sql
            FROM sqlite_master
            WHERE name='index_invitations_on_event_id' AND type='index'
            UNION ALL
            SELECT sql
            FROM sqlite_temp_master
            WHERE name='index_invitations_on_event_id' AND type='index'
[0m
  [1m[35m (0.2ms)[0m  CREATE  INDEX "index_invitations_on_user_id" ON "invitations" ("user_id")
  [1m[36mSQL (0.2ms)[0m  [1mINSERT INTO "schema_migrations" ("version") VALUES (?)[0m  [["version", "20140814154053"]]
  [1m[35m (1.0ms)[0m  commit transaction
Migrating to DeviseCreateUsers (20140814160647)
  [1m[36m (1.8ms)[0m  [1mCREATE TABLE "schema_migrations" ("version" varchar(255) NOT NULL) [0m
  [1m[35m (0.1ms)[0m  select sqlite_version(*)
  [1m[36m (1.6ms)[0m  [1mCREATE UNIQUE INDEX "unique_schema_migrations" ON "schema_migrations" ("version")[0m
  [1m[35mActiveRecord::SchemaMigration Load (0.1ms)[0m  SELECT "schema_migrations".* FROM "schema_migrations"
Migrating to CreateEvents (20140814154000)
  [1m[36m (0.1ms)[0m  [1mbegin transaction[0m
  [1m[35m (0.4ms)[0m  CREATE TABLE "events" ("id" INTEGER PRIMARY KEY AUTOINCREMENT NOT NULL, "name" varchar(255), "description" varchar(255), "start_time" datetime, "end_time" datetime, "venue" varchar(255), "location" varchar(255), "notify_user?" boolean, "notify_hours_until_event" integer, "user_id" integer, "created_at" datetime, "updated_at" datetime) 
  [1m[36m (0.1ms)[0m  [1mCREATE  INDEX "index_events_on_user_id" ON "events" ("user_id")[0m
  [1m[35mSQL (0.2ms)[0m  INSERT INTO "schema_migrations" ("version") VALUES (?)  [["version", "20140814154000"]]
  [1m[36m (1.2ms)[0m  [1mcommit transaction[0m
Migrating to CreateInvitations (20140814154053)
  [1m[35m (0.1ms)[0m  begin transaction
  [1m[36m (0.3ms)[0m  [1mCREATE TABLE "invitations" ("id" INTEGER PRIMARY KEY AUTOINCREMENT NOT NULL, "event_id" integer, "user_id" integer, "status" varchar(255), "created_at" datetime, "updated_at" datetime) [0m
  [1m[35m (0.1ms)[0m  CREATE  INDEX "index_invitations_on_event_id" ON "invitations" ("event_id")
  [1m[36m (0.1ms)[0m  [1m            SELECT sql
            FROM sqlite_master
            WHERE name='index_invitations_on_event_id' AND type='index'
            UNION ALL
            SELECT sql
            FROM sqlite_temp_master
            WHERE name='index_invitations_on_event_id' AND type='index'
[0m
  [1m[35m (0.1ms)[0m  CREATE  INDEX "index_invitations_on_user_id" ON "invitations" ("user_id")
  [1m[36mSQL (0.1ms)[0m  [1mINSERT INTO "schema_migrations" ("version") VALUES (?)[0m  [["version", "20140814154053"]]
  [1m[35m (1.1ms)[0m  commit transaction
Migrating to ActsAsFollowerMigration (20140814195533)
  [1m[36m (0.1ms)[0m  [1mbegin transaction[0m
  [1m[35m (0.3ms)[0m  CREATE TABLE "follows" ("id" INTEGER PRIMARY KEY AUTOINCREMENT NOT NULL, "followable_id" integer NOT NULL, "followable_type" varchar(255) NOT NULL, "follower_id" integer NOT NULL, "follower_type" varchar(255) NOT NULL, "blocked" boolean DEFAULT 'f' NOT NULL, "created_at" datetime, "updated_at" datetime) 
  [1m[36m (0.1ms)[0m  [1mCREATE  INDEX "fk_follows" ON "follows" ("follower_id", "follower_type")[0m
  [1m[35m (0.1ms)[0m              SELECT sql
            FROM sqlite_master
            WHERE name='fk_follows' AND type='index'
            UNION ALL
            SELECT sql
            FROM sqlite_temp_master
            WHERE name='fk_follows' AND type='index'

  [1m[36m (0.1ms)[0m  [1mCREATE  INDEX "fk_followables" ON "follows" ("followable_id", "followable_type")[0m
  [1m[35mSQL (0.1ms)[0m  INSERT INTO "schema_migrations" ("version") VALUES (?)  [["version", "20140814195533"]]
  [1m[36m (1.0ms)[0m  [1mcommit transaction[0m
  [1m[35mActiveRecord::SchemaMigration Load (0.1ms)[0m  SELECT "schema_migrations".* FROM "schema_migrations"
  [1m[36m (0.1ms)[0m  [1m            SELECT sql
            FROM sqlite_master
            WHERE name='index_events_on_user_id' AND type='index'
            UNION ALL
            SELECT sql
            FROM sqlite_temp_master
            WHERE name='index_events_on_user_id' AND type='index'
[0m
  [1m[35m (0.1ms)[0m              SELECT sql
            FROM sqlite_master
            WHERE name='fk_followables' AND type='index'
            UNION ALL
            SELECT sql
            FROM sqlite_temp_master
            WHERE name='fk_followables' AND type='index'

  [1m[36m (0.1ms)[0m  [1m            SELECT sql
            FROM sqlite_master
            WHERE name='fk_follows' AND type='index'
            UNION ALL
            SELECT sql
            FROM sqlite_temp_master
            WHERE name='fk_follows' AND type='index'
[0m
  [1m[35m (0.1ms)[0m              SELECT sql
            FROM sqlite_master
            WHERE name='index_invitations_on_user_id' AND type='index'
            UNION ALL
            SELECT sql
            FROM sqlite_temp_master
            WHERE name='index_invitations_on_user_id' AND type='index'

  [1m[36m (0.1ms)[0m  [1m            SELECT sql
            FROM sqlite_master
            WHERE name='index_invitations_on_event_id' AND type='index'
            UNION ALL
            SELECT sql
            FROM sqlite_temp_master
            WHERE name='index_invitations_on_event_id' AND type='index'
[0m
  [1m[36mActiveRecord::SchemaMigration Load (0.1ms)[0m  [1mSELECT "schema_migrations".* FROM "schema_migrations"[0m
  [1m[36m (16.7ms)[0m  [1mCREATE TABLE "schema_migrations" ("version" varchar(255) NOT NULL) [0m
  [1m[35m (0.2ms)[0m  select sqlite_version(*)
  [1m[36m (1.3ms)[0m  [1mCREATE UNIQUE INDEX "unique_schema_migrations" ON "schema_migrations" ("version")[0m
  [1m[35mActiveRecord::SchemaMigration Load (0.2ms)[0m  SELECT "schema_migrations".* FROM "schema_migrations"
Migrating to CreateEvents (20140814154000)
  [1m[36m (0.1ms)[0m  [1mbegin transaction[0m
  [1m[35m (0.4ms)[0m  CREATE TABLE "events" ("id" INTEGER PRIMARY KEY AUTOINCREMENT NOT NULL, "name" varchar(255), "description" varchar(255), "start_time" datetime, "end_time" datetime, "venue" varchar(255), "location" varchar(255), "notify_user?" boolean, "notify_hours_until_event" integer, "user_id" integer, "created_at" datetime, "updated_at" datetime) 
  [1m[36m (0.1ms)[0m  [1mCREATE  INDEX "index_events_on_user_id" ON "events" ("user_id")[0m
  [1m[35mSQL (0.2ms)[0m  INSERT INTO "schema_migrations" ("version") VALUES (?)  [["version", "20140814154000"]]
  [1m[36m (1.3ms)[0m  [1mcommit transaction[0m
Migrating to CreateInvitations (20140814154053)
  [1m[35m (0.1ms)[0m  begin transaction
  [1m[36m (0.3ms)[0m  [1mCREATE TABLE "invitations" ("id" INTEGER PRIMARY KEY AUTOINCREMENT NOT NULL, "event_id" integer, "user_id" integer, "status" varchar(255), "created_at" datetime, "updated_at" datetime) [0m
  [1m[35m (0.1ms)[0m  CREATE  INDEX "index_invitations_on_event_id" ON "invitations" ("event_id")
  [1m[36m (0.1ms)[0m  [1m            SELECT sql
            FROM sqlite_master
            WHERE name='index_invitations_on_event_id' AND type='index'
            UNION ALL
            SELECT sql
            FROM sqlite_temp_master
            WHERE name='index_invitations_on_event_id' AND type='index'
[0m
  [1m[35m (0.1ms)[0m  CREATE  INDEX "index_invitations_on_user_id" ON "invitations" ("user_id")
  [1m[36mSQL (0.2ms)[0m  [1mINSERT INTO "schema_migrations" ("version") VALUES (?)[0m  [["version", "20140814154053"]]
  [1m[35m (1.2ms)[0m  commit transaction
Migrating to ActsAsFollowerMigration (20140814195533)
  [1m[36m (0.1ms)[0m  [1mbegin transaction[0m
  [1m[35m (0.3ms)[0m  CREATE TABLE "follows" ("id" INTEGER PRIMARY KEY AUTOINCREMENT NOT NULL, "followable_id" integer NOT NULL, "followable_type" varchar(255) NOT NULL, "follower_id" integer NOT NULL, "follower_type" varchar(255) NOT NULL, "blocked" boolean DEFAULT 'f' NOT NULL, "created_at" datetime, "updated_at" datetime) 
  [1m[36m (0.1ms)[0m  [1mCREATE  INDEX "fk_follows" ON "follows" ("follower_id", "follower_type")[0m
  [1m[35m (0.1ms)[0m              SELECT sql
            FROM sqlite_master
            WHERE name='fk_follows' AND type='index'
            UNION ALL
            SELECT sql
            FROM sqlite_temp_master
            WHERE name='fk_follows' AND type='index'

  [1m[36m (0.1ms)[0m  [1mCREATE  INDEX "fk_followables" ON "follows" ("followable_id", "followable_type")[0m
  [1m[35mSQL (0.1ms)[0m  INSERT INTO "schema_migrations" ("version") VALUES (?)  [["version", "20140814195533"]]
  [1m[36m (1.1ms)[0m  [1mcommit transaction[0m
Migrating to CreateUsers (20140814195751)
  [1m[35m (0.1ms)[0m  begin transaction
  [1m[36m (0.3ms)[0m  [1mCREATE TABLE "users" ("id" INTEGER PRIMARY KEY AUTOINCREMENT NOT NULL, "first_name" varchar(255), "last_name" varchar(255), "username" varchar(255), "phone_number" varchar(255), "email" varchar(255), "password_digest" varchar(255)) [0m
  [1m[35mSQL (0.1ms)[0m  INSERT INTO "schema_migrations" ("version") VALUES (?)  [["version", "20140814195751"]]
  [1m[36m (1.2ms)[0m  [1mcommit transaction[0m
  [1m[35mActiveRecord::SchemaMigration Load (0.1ms)[0m  SELECT "schema_migrations".* FROM "schema_migrations"
  [1m[36m (0.1ms)[0m  [1m            SELECT sql
            FROM sqlite_master
            WHERE name='index_events_on_user_id' AND type='index'
            UNION ALL
            SELECT sql
            FROM sqlite_temp_master
            WHERE name='index_events_on_user_id' AND type='index'
[0m
  [1m[35m (0.1ms)[0m              SELECT sql
            FROM sqlite_master
            WHERE name='fk_followables' AND type='index'
            UNION ALL
            SELECT sql
            FROM sqlite_temp_master
            WHERE name='fk_followables' AND type='index'

  [1m[36m (0.1ms)[0m  [1m            SELECT sql
            FROM sqlite_master
            WHERE name='fk_follows' AND type='index'
            UNION ALL
            SELECT sql
            FROM sqlite_temp_master
            WHERE name='fk_follows' AND type='index'
[0m
  [1m[35m (0.1ms)[0m              SELECT sql
            FROM sqlite_master
            WHERE name='index_invitations_on_user_id' AND type='index'
            UNION ALL
            SELECT sql
            FROM sqlite_temp_master
            WHERE name='index_invitations_on_user_id' AND type='index'

  [1m[36m (0.1ms)[0m  [1m            SELECT sql
            FROM sqlite_master
            WHERE name='index_invitations_on_event_id' AND type='index'
            UNION ALL
            SELECT sql
            FROM sqlite_temp_master
            WHERE name='index_invitations_on_event_id' AND type='index'
[0m
  [1m[36mActiveRecord::SchemaMigration Load (0.1ms)[0m  [1mSELECT "schema_migrations".* FROM "schema_migrations"[0m
  [1m[35m (0.1ms)[0m  begin transaction
Binary data inserted for `string` type on column `password_digest`
  [1m[36mSQL (0.4ms)[0m  [1mINSERT INTO "users" ("email", "password_digest", "username") VALUES (?, ?, ?)[0m  [["email", "user1@imin.com"], ["password_digest", "$2a$10$opbXrA/PHtYMbZZ6H85fxOBoSNUS8JFbGeiZTqwgjHhIEoD/vahq."], ["username", "user1"]]
  [1m[35m (5.6ms)[0m  commit transaction
  [1m[36m (0.1ms)[0m  [1mbegin transaction[0m
Binary data inserted for `string` type on column `password_digest`
  [1m[35mSQL (0.4ms)[0m  INSERT INTO "users" ("email", "password_digest", "username") VALUES (?, ?, ?)  [["email", "user2@imin.com"], ["password_digest", "$2a$10$ya3UOIP47EjQWV9k4yvaGO9tanmSJu7w3drQXPBYTbxJHc4ltYGBq"], ["username", "user2"]]
  [1m[36m (1.3ms)[0m  [1mcommit transaction[0m
  [1m[35m (0.1ms)[0m  begin transaction
Binary data inserted for `string` type on column `password_digest`
  [1m[36mSQL (0.2ms)[0m  [1mINSERT INTO "users" ("email", "password_digest", "username") VALUES (?, ?, ?)[0m  [["email", "user3@imin.com"], ["password_digest", "$2a$10$sHk9sunOSCp1mYzPbl4NZeNTUVy9VG2gCXfek0VnRR9Y.uEfJPIIi"], ["username", "user3"]]
  [1m[35m (1.6ms)[0m  commit transaction
  [1m[36m (0.1ms)[0m  [1mbegin transaction[0m
Binary data inserted for `string` type on column `password_digest`
  [1m[35mSQL (0.2ms)[0m  INSERT INTO "users" ("email", "password_digest", "username") VALUES (?, ?, ?)  [["email", "user4@imin.com"], ["password_digest", "$2a$10$XbEzKkm0WLeYfxYdDYFTHekzwGsdha81IQrqtSgdSx7z2x8A4rfb2"], ["username", "user4"]]
  [1m[36m (1.5ms)[0m  [1mcommit transaction[0m
  [1m[35m (0.1ms)[0m  begin transaction
Binary data inserted for `string` type on column `password_digest`
  [1m[36mSQL (0.2ms)[0m  [1mINSERT INTO "users" ("email", "password_digest", "username") VALUES (?, ?, ?)[0m  [["email", "user5@imin.com"], ["password_digest", "$2a$10$6QbK9txWxpe25BnsMF1iaurMOZi.hb0ul5ncVGtXXK2WP6Wgy.k5i"], ["username", "user5"]]
  [1m[35m (1.5ms)[0m  commit transaction
  [1m[36m (0.0ms)[0m  [1mbegin transaction[0m
  [1m[35mSQL (0.4ms)[0m  INSERT INTO "events" ("created_at", "description", "end_time", "location", "name", "notify_hours_until_event", "notify_user?", "start_time", "updated_at", "venue") VALUES (?, ?, ?, ?, ?, ?, ?, ?, ?, ?)  [["created_at", "2014-08-14 19:58:11.119631"], ["description", "goodtimes"], ["end_time", "2014-10-15 17:33:09.000000"], ["location", "elz house, new york, ny"], ["name", "Party at Elz"], ["notify_hours_until_event", 3], ["notify_user?", "t"], ["start_time", "2014-10-14 17:33:09.000000"], ["updated_at", "2014-08-14 19:58:11.119631"], ["venue", "elz house"]]
  [1m[36mSQL (0.2ms)[0m  [1mINSERT INTO "invitations" ("created_at", "event_id", "updated_at", "user_id") VALUES (?, ?, ?, ?)[0m  [["created_at", "2014-08-14 19:58:11.129541"], ["event_id", 1], ["updated_at", "2014-08-14 19:58:11.129541"], ["user_id", 1]]
  [1m[35m (2.1ms)[0m  commit transaction
  [1m[36m (0.1ms)[0m  [1mbegin transaction[0m
  [1m[35mSQL (0.3ms)[0m  INSERT INTO "invitations" ("created_at", "event_id", "status", "updated_at", "user_id") VALUES (?, ?, ?, ?, ?)  [["created_at", "2014-08-14 19:58:11.134634"], ["event_id", 1], ["status", "in"], ["updated_at", "2014-08-14 19:58:11.134634"], ["user_id", 2]]
  [1m[36m (1.2ms)[0m  [1mcommit transaction[0m
  [1m[35m (0.0ms)[0m  begin transaction
  [1m[36mSQL (0.2ms)[0m  [1mINSERT INTO "invitations" ("created_at", "event_id", "status", "updated_at", "user_id") VALUES (?, ?, ?, ?, ?)[0m  [["created_at", "2014-08-14 19:58:11.137404"], ["event_id", 1], ["status", "in"], ["updated_at", "2014-08-14 19:58:11.137404"], ["user_id", 3]]
  [1m[35m (1.2ms)[0m  commit transaction
  [1m[36m (0.1ms)[0m  [1mbegin transaction[0m
  [1m[35mSQL (0.3ms)[0m  INSERT INTO "invitations" ("created_at", "event_id", "status", "updated_at", "user_id") VALUES (?, ?, ?, ?, ?)  [["created_at", "2014-08-14 19:58:11.140224"], ["event_id", 1], ["status", "pending"], ["updated_at", "2014-08-14 19:58:11.140224"], ["user_id", 4]]
  [1m[36m (1.1ms)[0m  [1mcommit transaction[0m
  [1m[35m (0.0ms)[0m  begin transaction
  [1m[36mSQL (0.3ms)[0m  [1mINSERT INTO "invitations" ("created_at", "event_id", "status", "updated_at", "user_id") VALUES (?, ?, ?, ?, ?)[0m  [["created_at", "2014-08-14 19:58:11.142950"], ["event_id", 1], ["status", "pending"], ["updated_at", "2014-08-14 19:58:11.142950"], ["user_id", 5]]
  [1m[35m (1.1ms)[0m  commit transaction
  [1m[36m (0.0ms)[0m  [1mbegin transaction[0m
  [1m[35mSQL (0.2ms)[0m  INSERT INTO "events" ("created_at", "description", "end_time", "location", "name", "notify_hours_until_event", "notify_user?", "start_time", "updated_at", "venue") VALUES (?, ?, ?, ?, ?, ?, ?, ?, ?, ?)  [["created_at", "2014-08-14 19:58:11.146261"], ["description", "get some fresh air"], ["end_time", "2014-10-15 17:33:09.000000"], ["location", "Central Park, New York, NY"], ["name", "Frisbee"], ["notify_hours_until_event", 3], ["notify_user?", "t"], ["start_time", "2014-10-14 17:33:09.000000"], ["updated_at", "2014-08-14 19:58:11.146261"], ["venue", "Central Park"]]
  [1m[36mSQL (0.1ms)[0m  [1mINSERT INTO "invitations" ("created_at", "event_id", "updated_at", "user_id") VALUES (?, ?, ?, ?)[0m  [["created_at", "2014-08-14 19:58:11.147820"], ["event_id", 2], ["updated_at", "2014-08-14 19:58:11.147820"], ["user_id", 1]]
  [1m[35m (1.3ms)[0m  commit transaction
  [1m[36m (0.0ms)[0m  [1mbegin transaction[0m
  [1m[35mSQL (0.2ms)[0m  INSERT INTO "invitations" ("created_at", "event_id", "status", "updated_at", "user_id") VALUES (?, ?, ?, ?, ?)  [["created_at", "2014-08-14 19:58:11.150585"], ["event_id", 2], ["status", "in"], ["updated_at", "2014-08-14 19:58:11.150585"], ["user_id", 3]]
  [1m[36m (1.1ms)[0m  [1mcommit transaction[0m
  [1m[35m (0.0ms)[0m  begin transaction
  [1m[36mSQL (0.2ms)[0m  [1mINSERT INTO "invitations" ("created_at", "event_id", "status", "updated_at", "user_id") VALUES (?, ?, ?, ?, ?)[0m  [["created_at", "2014-08-14 19:58:11.153098"], ["event_id", 2], ["status", "pending"], ["updated_at", "2014-08-14 19:58:11.153098"], ["user_id", 4]]
  [1m[35m (1.1ms)[0m  commit transaction
  [1m[36m (0.0ms)[0m  [1mbegin transaction[0m
  [1m[35mSQL (0.2ms)[0m  INSERT INTO "invitations" ("created_at", "event_id", "status", "updated_at", "user_id") VALUES (?, ?, ?, ?, ?)  [["created_at", "2014-08-14 19:58:11.155470"], ["event_id", 2], ["status", "out"], ["updated_at", "2014-08-14 19:58:11.155470"], ["user_id", 5]]
  [1m[36m (1.1ms)[0m  [1mcommit transaction[0m
  [1m[35m (0.0ms)[0m  begin transaction
  [1m[36mSQL (0.2ms)[0m  [1mINSERT INTO "events" ("created_at", "description", "end_time", "location", "name", "notify_hours_until_event", "notify_user?", "start_time", "updated_at", "venue") VALUES (?, ?, ?, ?, ?, ?, ?, ?, ?, ?)[0m  [["created_at", "2014-08-14 19:58:11.158367"], ["description", "just breathe"], ["end_time", "2014-10-15 17:33:09.000000"], ["location", "48 Wall St, New York, NY"], ["name", "Yoga"], ["notify_hours_until_event", 3], ["notify_user?", "t"], ["start_time", "2014-10-14 17:33:09.000000"], ["updated_at", "2014-08-14 19:58:11.158367"], ["venue", "DBC"]]
  [1m[35mSQL (0.1ms)[0m  INSERT INTO "invitations" ("created_at", "event_id", "updated_at", "user_id") VALUES (?, ?, ?, ?)  [["created_at", "2014-08-14 19:58:11.159863"], ["event_id", 3], ["updated_at", "2014-08-14 19:58:11.159863"], ["user_id", 1]]
  [1m[36m (1.1ms)[0m  [1mcommit transaction[0m
  [1m[35m (0.0ms)[0m  begin transaction
  [1m[36mSQL (0.2ms)[0m  [1mINSERT INTO "invitations" ("created_at", "event_id", "status", "updated_at", "user_id") VALUES (?, ?, ?, ?, ?)[0m  [["created_at", "2014-08-14 19:58:11.162240"], ["event_id", 3], ["status", "in"], ["updated_at", "2014-08-14 19:58:11.162240"], ["user_id", 4]]
  [1m[35m (1.2ms)[0m  commit transaction
  [1m[36m (0.0ms)[0m  [1mbegin transaction[0m
  [1m[35mSQL (0.2ms)[0m  INSERT INTO "invitations" ("created_at", "event_id", "status", "updated_at", "user_id") VALUES (?, ?, ?, ?, ?)  [["created_at", "2014-08-14 19:58:11.164759"], ["event_id", 3], ["status", "pending"], ["updated_at", "2014-08-14 19:58:11.164759"], ["user_id", 5]]
  [1m[36m (1.0ms)[0m  [1mcommit transaction[0m
  [1m[36mUser Load (0.2ms)[0m  [1mSELECT  "users".* FROM "users"   ORDER BY "users"."id" ASC LIMIT 1[0m


Started GET "/users/1" for 127.0.0.1 at 2014-08-14 16:03:08 -0400
  [1m[36mActiveRecord::SchemaMigration Load (0.1ms)[0m  [1mSELECT "schema_migrations".* FROM "schema_migrations"[0m
Processing by UsersController#show as HTML
  Parameters: {"id"=>"1"}
  [1m[35mUser Load (0.2ms)[0m  SELECT  "users".* FROM "users"  WHERE "users"."id" = ? LIMIT 1  [["id", 1]]
  Rendered users/show.html.erb within layouts/application (1.2ms)
Completed 200 OK in 191ms (Views: 151.4ms | ActiveRecord: 0.4ms)


Started GET "/assets/home.css?body=1" for 127.0.0.1 at 2014-08-14 16:03:09 -0400


Started GET "/assets/application.css?body=1" for 127.0.0.1 at 2014-08-14 16:03:09 -0400


Started GET "/assets/application.js?body=1" for 127.0.0.1 at 2014-08-14 16:03:09 -0400


Started GET "/assets/jquery.js?body=1" for 127.0.0.1 at 2014-08-14 16:03:09 -0400


Started GET "/assets/turbolinks.js?body=1" for 127.0.0.1 at 2014-08-14 16:03:09 -0400


Started GET "/assets/jquery_ujs.js?body=1" for 127.0.0.1 at 2014-08-14 16:03:09 -0400


Started GET "/assets/home.js?body=1" for 127.0.0.1 at 2014-08-14 16:03:09 -0400
  [1m[35mUser Load (0.4ms)[0m  SELECT  "users".* FROM "users"   ORDER BY "users"."id" ASC LIMIT 1
  [1m[36mUser Load (0.3ms)[0m  [1mSELECT  "users".* FROM "users"  WHERE "users"."id" = ? LIMIT 1[0m  [["id", 2]]
  [1m[35mFollow Load (0.2ms)[0m  SELECT  "follows".* FROM "follows"  WHERE "follows"."follower_id" = ? AND "follows"."follower_type" = ? AND "follows"."followable_id" = 2 AND "follows"."followable_type" = 'User' LIMIT 1  [["follower_id", 1], ["follower_type", "User"]]
  [1m[36m (0.1ms)[0m  [1mbegin transaction[0m
  [1m[35mSQL (0.5ms)[0m  INSERT INTO "follows" ("created_at", "followable_id", "followable_type", "follower_id", "follower_type", "updated_at") VALUES (?, ?, ?, ?, ?, ?)  [["created_at", "2014-08-14 20:04:30.585692"], ["followable_id", 2], ["followable_type", "User"], ["follower_id", 1], ["follower_type", "User"], ["updated_at", "2014-08-14 20:04:30.585692"]]
  [1m[36m (1.6ms)[0m  [1mcommit transaction[0m


Started GET "/users/1" for 127.0.0.1 at 2014-08-14 16:04:37 -0400
Processing by UsersController#show as HTML
  Parameters: {"id"=>"1"}
  [1m[36mUser Load (0.2ms)[0m  [1mSELECT  "users".* FROM "users"  WHERE "users"."id" = ? LIMIT 1[0m  [["id", 1]]
  Rendered users/show.html.erb within layouts/application (0.0ms)
Completed 200 OK in 5ms (Views: 3.4ms | ActiveRecord: 0.2ms)


Started GET "/assets/home.css?body=1" for 127.0.0.1 at 2014-08-14 16:04:37 -0400


Started GET "/assets/jquery.js?body=1" for 127.0.0.1 at 2014-08-14 16:04:37 -0400


Started GET "/assets/jquery_ujs.js?body=1" for 127.0.0.1 at 2014-08-14 16:04:37 -0400


Started GET "/assets/application.css?body=1" for 127.0.0.1 at 2014-08-14 16:04:37 -0400


Started GET "/assets/turbolinks.js?body=1" for 127.0.0.1 at 2014-08-14 16:04:37 -0400


Started GET "/assets/home.js?body=1" for 127.0.0.1 at 2014-08-14 16:04:37 -0400


Started GET "/assets/application.js?body=1" for 127.0.0.1 at 2014-08-14 16:04:37 -0400


Started GET "/users/1" for 127.0.0.1 at 2014-08-14 16:04:54 -0400
Processing by UsersController#show as HTML
  Parameters: {"id"=>"1"}
  [1m[35mUser Load (0.1ms)[0m  SELECT  "users".* FROM "users"  WHERE "users"."id" = ? LIMIT 1  [["id", 1]]
  Rendered users/show.html.erb within layouts/application (0.0ms)
Completed 200 OK in 5ms (Views: 3.5ms | ActiveRecord: 0.1ms)


Started GET "/assets/application.css?body=1" for 127.0.0.1 at 2014-08-14 16:04:54 -0400


Started GET "/assets/turbolinks.js?body=1" for 127.0.0.1 at 2014-08-14 16:04:54 -0400


Started GET "/assets/home.css?body=1" for 127.0.0.1 at 2014-08-14 16:04:54 -0400


Started GET "/assets/jquery_ujs.js?body=1" for 127.0.0.1 at 2014-08-14 16:04:54 -0400


Started GET "/assets/application.js?body=1" for 127.0.0.1 at 2014-08-14 16:04:54 -0400


Started GET "/assets/jquery.js?body=1" for 127.0.0.1 at 2014-08-14 16:04:54 -0400


Started GET "/assets/home.js?body=1" for 127.0.0.1 at 2014-08-14 16:04:54 -0400


Started GET "/users/1" for 127.0.0.1 at 2014-08-14 16:05:08 -0400
Processing by UsersController#show as HTML
  Parameters: {"id"=>"1"}
  [1m[36mUser Load (0.1ms)[0m  [1mSELECT  "users".* FROM "users"  WHERE "users"."id" = ? LIMIT 1[0m  [["id", 1]]
  Rendered users/show.html.erb within layouts/application (0.0ms)
Completed 200 OK in 50ms (Views: 3.7ms | ActiveRecord: 0.6ms)


Started GET "/assets/home.css?body=1" for 127.0.0.1 at 2014-08-14 16:05:08 -0400


Started GET "/assets/home.js?body=1" for 127.0.0.1 at 2014-08-14 16:05:08 -0400


Started GET "/assets/turbolinks.js?body=1" for 127.0.0.1 at 2014-08-14 16:05:08 -0400


Started GET "/assets/jquery_ujs.js?body=1" for 127.0.0.1 at 2014-08-14 16:05:08 -0400


Started GET "/assets/jquery.js?body=1" for 127.0.0.1 at 2014-08-14 16:05:08 -0400


Started GET "/assets/application.css?body=1" for 127.0.0.1 at 2014-08-14 16:05:08 -0400


Started GET "/assets/application.js?body=1" for 127.0.0.1 at 2014-08-14 16:05:08 -0400


Started GET "/users/1" for 127.0.0.1 at 2014-08-14 16:05:09 -0400
Processing by UsersController#show as HTML
  Parameters: {"id"=>"1"}
  [1m[35mUser Load (0.2ms)[0m  SELECT  "users".* FROM "users"  WHERE "users"."id" = ? LIMIT 1  [["id", 1]]
  Rendered users/show.html.erb within layouts/application (0.1ms)
Completed 200 OK in 7ms (Views: 5.3ms | ActiveRecord: 0.2ms)


Started GET "/assets/home.css?body=1" for 127.0.0.1 at 2014-08-14 16:05:09 -0400


Started GET "/assets/application.css?body=1" for 127.0.0.1 at 2014-08-14 16:05:09 -0400


Started GET "/assets/jquery_ujs.js?body=1" for 127.0.0.1 at 2014-08-14 16:05:09 -0400


Started GET "/assets/jquery.js?body=1" for 127.0.0.1 at 2014-08-14 16:05:09 -0400


Started GET "/assets/home.js?body=1" for 127.0.0.1 at 2014-08-14 16:05:09 -0400


Started GET "/assets/turbolinks.js?body=1" for 127.0.0.1 at 2014-08-14 16:05:09 -0400


Started GET "/assets/application.js?body=1" for 127.0.0.1 at 2014-08-14 16:05:09 -0400


Started GET "/users/1" for 127.0.0.1 at 2014-08-14 16:05:10 -0400
Processing by UsersController#show as HTML
  Parameters: {"id"=>"1"}
  [1m[36mUser Load (0.1ms)[0m  [1mSELECT  "users".* FROM "users"  WHERE "users"."id" = ? LIMIT 1[0m  [["id", 1]]
  Rendered users/show.html.erb within layouts/application (0.0ms)
Completed 200 OK in 4ms (Views: 3.3ms | ActiveRecord: 0.1ms)


Started GET "/assets/application.css?body=1" for 127.0.0.1 at 2014-08-14 16:05:10 -0400


Started GET "/assets/jquery.js?body=1" for 127.0.0.1 at 2014-08-14 16:05:10 -0400


Started GET "/assets/turbolinks.js?body=1" for 127.0.0.1 at 2014-08-14 16:05:10 -0400


Started GET "/assets/jquery_ujs.js?body=1" for 127.0.0.1 at 2014-08-14 16:05:10 -0400


Started GET "/assets/home.css?body=1" for 127.0.0.1 at 2014-08-14 16:05:10 -0400


Started GET "/assets/application.js?body=1" for 127.0.0.1 at 2014-08-14 16:05:10 -0400


Started GET "/assets/home.js?body=1" for 127.0.0.1 at 2014-08-14 16:05:10 -0400


Started GET "/users/1" for 127.0.0.1 at 2014-08-14 16:05:10 -0400
Processing by UsersController#show as HTML
  Parameters: {"id"=>"1"}
  [1m[35mUser Load (0.1ms)[0m  SELECT  "users".* FROM "users"  WHERE "users"."id" = ? LIMIT 1  [["id", 1]]
  Rendered users/show.html.erb within layouts/application (0.1ms)
Completed 200 OK in 7ms (Views: 5.3ms | ActiveRecord: 0.1ms)


Started GET "/assets/home.css?body=1" for 127.0.0.1 at 2014-08-14 16:05:10 -0400


Started GET "/assets/jquery_ujs.js?body=1" for 127.0.0.1 at 2014-08-14 16:05:10 -0400


Started GET "/assets/application.css?body=1" for 127.0.0.1 at 2014-08-14 16:05:10 -0400


Started GET "/assets/home.js?body=1" for 127.0.0.1 at 2014-08-14 16:05:10 -0400


Started GET "/assets/jquery.js?body=1" for 127.0.0.1 at 2014-08-14 16:05:10 -0400


Started GET "/assets/turbolinks.js?body=1" for 127.0.0.1 at 2014-08-14 16:05:10 -0400


Started GET "/assets/application.js?body=1" for 127.0.0.1 at 2014-08-14 16:05:10 -0400


Started GET "/users" for 127.0.0.1 at 2014-08-14 16:05:24 -0400
Processing by UsersController#index as HTML
  [1m[36mUser Load (0.1ms)[0m  [1mSELECT  "users".* FROM "users"  WHERE "users"."id" = ? LIMIT 1[0m  [["id", 1]]
Completed 500 Internal Server Error in 39ms

ActionView::MissingTemplate (Missing template users/index, application/index with {:locale=>[:en], :formats=>[:html], :variants=>[], :handlers=>[:erb, :builder, :raw, :ruby, :jbuilder, :coffee]}. Searched in:
  * "/Users/apprentice/Im-In/app/views"
):
  app/controllers/users_controller.rb:4:in `index'


  Rendered /Users/apprentice/.rbenv/versions/2.0.0-p353/lib/ruby/gems/2.0.0/gems/actionpack-4.1.4/lib/action_dispatch/middleware/templates/rescues/missing_template.html.erb within rescues/layout (0.4ms)


Started GET "/users/1" for 127.0.0.1 at 2014-08-14 16:05:51 -0400
Processing by UsersController#show as HTML
  Parameters: {"id"=>"1"}
  [1m[35mUser Load (0.1ms)[0m  SELECT  "users".* FROM "users"  WHERE "users"."id" = ? LIMIT 1  [["id", 1]]
  Rendered users/show.html.erb within layouts/application (0.0ms)
Completed 200 OK in 17ms (Views: 3.7ms | ActiveRecord: 0.6ms)


Started GET "/assets/home.css?body=1" for 127.0.0.1 at 2014-08-14 16:05:51 -0400


Started GET "/assets/jquery.js?body=1" for 127.0.0.1 at 2014-08-14 16:05:51 -0400


Started GET "/assets/jquery_ujs.js?body=1" for 127.0.0.1 at 2014-08-14 16:05:51 -0400


Started GET "/assets/application.css?body=1" for 127.0.0.1 at 2014-08-14 16:05:51 -0400


Started GET "/assets/home.js?body=1" for 127.0.0.1 at 2014-08-14 16:05:51 -0400


Started GET "/assets/turbolinks.js?body=1" for 127.0.0.1 at 2014-08-14 16:05:51 -0400


Started GET "/assets/application.js?body=1" for 127.0.0.1 at 2014-08-14 16:05:51 -0400


Started GET "/users/1" for 127.0.0.1 at 2014-08-14 16:05:52 -0400
Processing by UsersController#show as HTML
  Parameters: {"id"=>"1"}
  [1m[36mUser Load (0.1ms)[0m  [1mSELECT  "users".* FROM "users"  WHERE "users"."id" = ? LIMIT 1[0m  [["id", 1]]
  Rendered users/show.html.erb within layouts/application (0.0ms)
Completed 200 OK in 6ms (Views: 3.5ms | ActiveRecord: 0.1ms)


Started GET "/assets/jquery_ujs.js?body=1" for 127.0.0.1 at 2014-08-14 16:05:52 -0400


Started GET "/assets/home.css?body=1" for 127.0.0.1 at 2014-08-14 16:05:52 -0400


Started GET "/assets/home.js?body=1" for 127.0.0.1 at 2014-08-14 16:05:52 -0400


Started GET "/assets/turbolinks.js?body=1" for 127.0.0.1 at 2014-08-14 16:05:52 -0400


Started GET "/assets/application.js?body=1" for 127.0.0.1 at 2014-08-14 16:05:52 -0400


Started GET "/assets/application.css?body=1" for 127.0.0.1 at 2014-08-14 16:05:52 -0400


Started GET "/assets/jquery.js?body=1" for 127.0.0.1 at 2014-08-14 16:05:52 -0400


Started GET "/users/1" for 127.0.0.1 at 2014-08-14 16:05:52 -0400
Processing by UsersController#show as HTML
  Parameters: {"id"=>"1"}
  [1m[35mUser Load (0.1ms)[0m  SELECT  "users".* FROM "users"  WHERE "users"."id" = ? LIMIT 1  [["id", 1]]
  Rendered users/show.html.erb within layouts/application (0.0ms)
Completed 200 OK in 6ms (Views: 4.0ms | ActiveRecord: 0.1ms)


Started GET "/assets/application.css?body=1" for 127.0.0.1 at 2014-08-14 16:05:52 -0400


Started GET "/assets/jquery.js?body=1" for 127.0.0.1 at 2014-08-14 16:05:52 -0400


Started GET "/assets/jquery_ujs.js?body=1" for 127.0.0.1 at 2014-08-14 16:05:52 -0400


Started GET "/assets/home.css?body=1" for 127.0.0.1 at 2014-08-14 16:05:52 -0400


Started GET "/assets/home.js?body=1" for 127.0.0.1 at 2014-08-14 16:05:52 -0400


Started GET "/assets/turbolinks.js?body=1" for 127.0.0.1 at 2014-08-14 16:05:52 -0400


Started GET "/assets/application.js?body=1" for 127.0.0.1 at 2014-08-14 16:05:52 -0400


Started GET "/users/1" for 127.0.0.1 at 2014-08-14 16:05:52 -0400
Processing by UsersController#show as HTML
  Parameters: {"id"=>"1"}
  [1m[36mUser Load (0.1ms)[0m  [1mSELECT  "users".* FROM "users"  WHERE "users"."id" = ? LIMIT 1[0m  [["id", 1]]
  Rendered users/show.html.erb within layouts/application (0.0ms)
Completed 200 OK in 5ms (Views: 3.2ms | ActiveRecord: 0.1ms)


Started GET "/assets/application.css?body=1" for 127.0.0.1 at 2014-08-14 16:05:53 -0400


Started GET "/assets/turbolinks.js?body=1" for 127.0.0.1 at 2014-08-14 16:05:53 -0400


Started GET "/assets/application.js?body=1" for 127.0.0.1 at 2014-08-14 16:05:53 -0400


Started GET "/assets/jquery_ujs.js?body=1" for 127.0.0.1 at 2014-08-14 16:05:53 -0400


Started GET "/assets/home.css?body=1" for 127.0.0.1 at 2014-08-14 16:05:53 -0400


Started GET "/assets/home.js?body=1" for 127.0.0.1 at 2014-08-14 16:05:53 -0400


Started GET "/assets/jquery.js?body=1" for 127.0.0.1 at 2014-08-14 16:05:53 -0400


Started GET "/users/1" for 127.0.0.1 at 2014-08-14 16:05:53 -0400
Processing by UsersController#show as HTML
  Parameters: {"id"=>"1"}
  [1m[35mUser Load (0.1ms)[0m  SELECT  "users".* FROM "users"  WHERE "users"."id" = ? LIMIT 1  [["id", 1]]
  Rendered users/show.html.erb within layouts/application (0.0ms)
Completed 200 OK in 5ms (Views: 3.2ms | ActiveRecord: 0.1ms)


Started GET "/assets/home.css?body=1" for 127.0.0.1 at 2014-08-14 16:05:53 -0400


Started GET "/assets/application.css?body=1" for 127.0.0.1 at 2014-08-14 16:05:53 -0400


Started GET "/assets/jquery_ujs.js?body=1" for 127.0.0.1 at 2014-08-14 16:05:53 -0400


Started GET "/assets/jquery.js?body=1" for 127.0.0.1 at 2014-08-14 16:05:53 -0400


Started GET "/assets/turbolinks.js?body=1" for 127.0.0.1 at 2014-08-14 16:05:53 -0400


Started GET "/assets/application.js?body=1" for 127.0.0.1 at 2014-08-14 16:05:53 -0400


Started GET "/assets/home.js?body=1" for 127.0.0.1 at 2014-08-14 16:05:53 -0400


Started GET "/users/1" for 127.0.0.1 at 2014-08-14 16:06:38 -0400
Processing by UsersController#show as HTML
  Parameters: {"id"=>"1"}
  [1m[36mUser Load (0.1ms)[0m  [1mSELECT  "users".* FROM "users"  WHERE "users"."id" = ? LIMIT 1[0m  [["id", 1]]
  [1m[35mUser Load (0.2ms)[0m  SELECT "users".* FROM "users" INNER JOIN "follows" ON "follows"."followable_id" = "users"."id" AND "follows"."followable_type" = 'User' WHERE "follows"."blocked" = 'f' AND "follows"."follower_id" = 1 AND "follows"."follower_type" = 'User' AND "follows"."followable_type" = 'User'
  Rendered users/show.html.erb within layouts/application (102.9ms)
Completed 200 OK in 108ms (Views: 106.0ms | ActiveRecord: 0.6ms)


Started GET "/assets/application.css?body=1" for 127.0.0.1 at 2014-08-14 16:06:39 -0400


Started GET "/assets/home.css?body=1" for 127.0.0.1 at 2014-08-14 16:06:39 -0400


Started GET "/assets/jquery.js?body=1" for 127.0.0.1 at 2014-08-14 16:06:39 -0400


Started GET "/assets/turbolinks.js?body=1" for 127.0.0.1 at 2014-08-14 16:06:39 -0400


Started GET "/assets/home.js?body=1" for 127.0.0.1 at 2014-08-14 16:06:39 -0400


Started GET "/assets/jquery_ujs.js?body=1" for 127.0.0.1 at 2014-08-14 16:06:39 -0400


Started GET "/assets/application.js?body=1" for 127.0.0.1 at 2014-08-14 16:06:39 -0400
